#
# There is insufficient memory for the Java Runtime Environment to continue.
# Native memory allocation (malloc) failed to allocate 397136 bytes for Chunk::new
# Possible reasons:
#   The system is out of physical RAM or swap space
#   In 32 bit mode, the process size limit was hit
# Possible solutions:
#   Reduce memory load on the system
#   Increase physical memory or swap space
#   Check if swap backing store is full
#   Use 64 bit Java on a 64 bit OS
#   Decrease Java heap size (-Xmx/-Xms)
#   Decrease number of Java threads
#   Decrease Java thread stack sizes (-Xss)
#   Set larger code cache with -XX:ReservedCodeCacheSize=
# This output file may be truncated or incomplete.
#
#  Out of Memory Error (allocation.cpp:390), pid=7440, tid=0x0000000000001570
#
# JRE version: OpenJDK Runtime Environment (8.0_152-b01) (build 1.8.0_152-release-915-b01)
# Java VM: OpenJDK 64-Bit Server VM (25.152-b01 mixed mode windows-amd64 compressed oops)
# Failed to write core dump. Minidumps are not enabled by default on client versions of Windows
#

---------------  T H R E A D  ---------------

Current thread (0x0000000015d8f000):  JavaThread "C2 CompilerThread1" daemon [_thread_in_native, id=5488, stack(0x0000000017500000,0x0000000017600000)]

Stack: [0x0000000017500000,0x0000000017600000]
[error occurred during error reporting (printing stack bounds), id 0xc0000005]

Native frames: (J=compiled Java code, j=interpreted, Vv=VM code, C=native code)


Current CompileTask:
C2:   6145 6805       4       org.gradle.cache.internal.btree.FreeListBlockStore::read (12 bytes)


---------------  P R O C E S S  ---------------

Java Threads: ( => current thread )
  0x000000001f29f000 JavaThread "Task worker for ':' Thread 3" [_thread_blocked, id=1504, stack(0x0000000022a70000,0x0000000022b70000)]
  0x000000001f2a5000 JavaThread "Task worker for ':' Thread 2" [_thread_blocked, id=4500, stack(0x0000000022970000,0x0000000022a70000)]
  0x000000001f2a4800 JavaThread "Task worker for ':'" [_thread_blocked, id=4788, stack(0x0000000022870000,0x0000000022970000)]
  0x000000001f2a0800 JavaThread "Cache worker for Build Output Cleanup Cache (C:\Users\Szymek\Documents\GitHub\Calendar-32b\.gradle\buildOutputCleanup)" [_thread_blocked, id=5828, stack(0x0000000022770000,0x0000000022870000)]
  0x000000001f2a3800 JavaThread "Cache worker for task history cache (C:\Users\Szymek\Documents\GitHub\Calendar-32b\.gradle\4.4\taskHistory)" [_thread_blocked, id=7588, stack(0x0000000022670000,0x0000000022770000)]
  0x000000001f2a2000 JavaThread "Cache worker for file content cache (C:\Users\Szymek\Documents\GitHub\Calendar-32b\.gradle\4.4\fileContent)" [_thread_blocked, id=6912, stack(0x0000000022370000,0x0000000022470000)]
  0x000000001b6f1000 JavaThread "Memory manager" [_thread_blocked, id=4208, stack(0x0000000021640000,0x0000000021740000)]
  0x000000001b6f3000 JavaThread "pool-1-thread-1" [_thread_blocked, id=1764, stack(0x0000000021320000,0x0000000021420000)]
  0x000000001b6ed000 JavaThread "build operations Thread 4" [_thread_blocked, id=4548, stack(0x000000001fe50000,0x000000001ff50000)]
  0x000000001b6f2800 JavaThread "build operations Thread 3" [_thread_blocked, id=4388, stack(0x000000001fd50000,0x000000001fe50000)]
  0x000000001b6f0000 JavaThread "build operations Thread 2" [_thread_blocked, id=652, stack(0x000000001fc50000,0x000000001fd50000)]
  0x000000001b6ef800 JavaThread "build operations" [_thread_blocked, id=2792, stack(0x000000001e330000,0x000000001e430000)]
  0x000000001b6ee000 JavaThread "Cache worker for Artifact transforms cache (C:\Users\Szymek\.gradle\caches\transforms-1)" [_thread_blocked, id=5316, stack(0x000000001cdb0000,0x000000001ceb0000)]
  0x0000000019364000 JavaThread "Cache worker for file hash cache (C:\Users\Szymek\Documents\GitHub\Calendar-32b\.gradle\4.4\fileHashes)" [_thread_blocked, id=7020, stack(0x000000001b8e0000,0x000000001b9e0000)]
  0x0000000018f77800 JavaThread "File lock request listener" [_thread_in_native, id=7064, stack(0x000000001a810000,0x000000001a910000)]
  0x00000000190e3800 JavaThread "Cache worker for file hash cache (C:\Users\Szymek\.gradle\caches\4.4\fileHashes)" [_thread_blocked, id=7568, stack(0x000000001a710000,0x000000001a810000)]
  0x0000000018c6d800 JavaThread "Stdin handler" [_thread_blocked, id=6964, stack(0x000000001a410000,0x000000001a510000)]
  0x0000000018c75800 JavaThread "Asynchronous log dispatcher for DefaultDaemonConnection: socket connection from /127.0.0.1:54241 to /127.0.0.1:54242" [_thread_blocked, id=6640, stack(0x000000001a310000,0x000000001a410000)]
  0x0000000018c98000 JavaThread "Daemon worker" [_thread_in_vm, id=2136, stack(0x000000001a210000,0x000000001a310000)]
  0x0000000017a2a800 JavaThread "Cancel handler" [_thread_blocked, id=3888, stack(0x000000001a110000,0x000000001a210000)]
  0x0000000018ae8800 JavaThread "Handler for socket connection from /127.0.0.1:54241 to /127.0.0.1:54242" [_thread_in_native, id=4860, stack(0x0000000019e10000,0x0000000019f10000)]
  0x0000000018ae8000 JavaThread "Daemon" [_thread_blocked, id=6188, stack(0x0000000019d10000,0x0000000019e10000)]
  0x0000000018ba8800 JavaThread "Daemon periodic checks" [_thread_blocked, id=7080, stack(0x0000000019c10000,0x0000000019d10000)]
  0x0000000018ad1800 JavaThread "Incoming local TCP Connector on port 54241" [_thread_in_native, id=7896, stack(0x0000000019a10000,0x0000000019b10000)]
  0x0000000017721800 JavaThread "Service Thread" daemon [_thread_blocked, id=7972, stack(0x0000000017b00000,0x0000000017c00000)]
  0x0000000015d9a000 JavaThread "C1 CompilerThread2" daemon [_thread_in_native, id=5508, stack(0x0000000017600000,0x0000000017700000)]
=>0x0000000015d8f000 JavaThread "C2 CompilerThread1" daemon [_thread_in_native, id=5488, stack(0x0000000017500000,0x0000000017600000)]
  0x0000000015d8a000 JavaThread "C2 CompilerThread0" daemon [_thread_in_native, id=1184, stack(0x0000000017400000,0x0000000017500000)]
  0x0000000015d88800 JavaThread "Attach Listener" daemon [_thread_blocked, id=5360, stack(0x0000000017300000,0x0000000017400000)]
  0x0000000015d97000 JavaThread "Signal Dispatcher" daemon [_thread_blocked, id=5744, stack(0x0000000017200000,0x0000000017300000)]
  0x000000000241c000 JavaThread "Finalizer" daemon [_thread_blocked, id=7716, stack(0x0000000017000000,0x0000000017100000)]
  0x0000000002411800 JavaThread "Reference Handler" daemon [_thread_blocked, id=6064, stack(0x0000000016f00000,0x0000000017000000)]
  0x000000000231e800 JavaThread "main" [_thread_blocked, id=4360, stack(0x0000000002150000,0x0000000002250000)]

Other Threads:
  0x0000000015d55800 VMThread [stack: 0x0000000016e00000,0x0000000016f00000] [id=5472]
  0x0000000017723000 WatcherThread [stack: 0x0000000017c00000,0x0000000017d00000] [id=5648]

VM state:not at safepoint (normal execution)

VM Mutex/Monitor currently owned by a thread: None

Heap:
 PSYoungGen      total 174080K, used 40339K [0x00000000e0000000, 0x00000000ec100000, 0x0000000100000000)
  eden space 159744K, 16% used [0x00000000e0000000,0x00000000e1965778,0x00000000e9c00000)
  from space 14336K, 99% used [0x00000000eae00000,0x00000000ebbff4e0,0x00000000ebc00000)
  to   space 18432K, 0% used [0x00000000e9c00000,0x00000000e9c00000,0x00000000eae00000)
 ParOldGen       total 60416K, used 26222K [0x00000000a0000000, 0x00000000a3b00000, 0x00000000e0000000)
  object space 60416K, 43% used [0x00000000a0000000,0x00000000a199b8e0,0x00000000a3b00000)
 Metaspace       used 54322K, capacity 56045K, committed 56280K, reserved 1097728K
  class space    used 7404K, capacity 7834K, committed 7936K, reserved 1048576K

Card table byte_map: [0x00000000117e0000,0x0000000011af0000] byte_map_base: 0x00000000112e0000

Marking Bits: (ParMarkBitMap*) 0x0000000077803950
 Begin Bits: [0x00000000120f0000, 0x00000000138f0000)
 End Bits:   [0x00000000138f0000, 0x00000000150f0000)

Polling page: 0x00000000001f0000

CodeCache: size=245760Kb used=18620Kb max_used=19659Kb free=227139Kb
 bounds [0x0000000002420000, 0x0000000003760000, 0x0000000011420000]
 total_blobs=6642 nmethods=5874 adapters=680
 compilation: enabled

Compilation events (10 events):
Event: 6.141 Thread 0x0000000015d9a000 6851       1       org.gradle.api.tasks.util.PatternSet::getIncludes (5 bytes)
Event: 6.141 Thread 0x0000000015d9a000 nmethod 6851 0x0000000003159c10 code [0x0000000003159d60, 0x0000000003159e70]
Event: 6.141 Thread 0x0000000015d9a000 6852       3       org.gradle.api.internal.file.pattern.PatternMatcherFactory::compile (91 bytes)
Event: 6.142 Thread 0x0000000015d9a000 nmethod 6852 0x0000000003158ed0 code [0x00000000031590c0, 0x0000000003159888]
Event: 6.143 Thread 0x0000000015d9a000 6853       1       org.gradle.api.internal.project.taskfactory.TaskPropertyInfo::access$100 (5 bytes)
Event: 6.143 Thread 0x0000000015d9a000 nmethod 6853 0x0000000003158c10 code [0x0000000003158d60, 0x0000000003158e50]
Event: 6.143 Thread 0x0000000015d9a000 6854       3       java.security.ProtectionDomain$Key::<init> (5 bytes)
Event: 6.143 Thread 0x0000000015d9a000 nmethod 6854 0x0000000003158850 code [0x00000000031589a0, 0x0000000003158b50]
Event: 6.144 Thread 0x0000000015d9a000 6855       3       org.gradle.api.internal.tasks.DefaultCacheableTaskOutputFilePropertySpec::getPropertyName (5 bytes)
Event: 6.144 Thread 0x0000000015d9a000 nmethod 6855 0x0000000003158510 code [0x0000000003158660, 0x00000000031587d0]

GC Heap History (10 events):
Event: 3.278 GC heap before
{Heap before GC invocations=8 (full 1):
 PSYoungGen      total 112128K, used 111630K [0x00000000e0000000, 0x00000000e9400000, 0x0000000100000000)
  eden space 103936K, 100% used [0x00000000e0000000,0x00000000e6580000,0x00000000e6580000)
  from space 8192K, 93% used [0x00000000e8c00000,0x00000000e9383998,0x00000000e9400000)
  to   space 10240K, 0% used [0x00000000e8000000,0x00000000e8000000,0x00000000e8a00000)
 ParOldGen       total 60416K, used 7860K [0x00000000a0000000, 0x00000000a3b00000, 0x00000000e0000000)
  object space 60416K, 13% used [0x00000000a0000000,0x00000000a07ad210,0x00000000a3b00000)
 Metaspace       used 31932K, capacity 32452K, committed 32768K, reserved 1077248K
  class space    used 4372K, capacity 4559K, committed 4608K, reserved 1048576K
Event: 3.288 GC heap after
Heap after GC invocations=8 (full 1):
 PSYoungGen      total 141312K, used 10239K [0x00000000e0000000, 0x00000000eb180000, 0x0000000100000000)
  eden space 131072K, 0% used [0x00000000e0000000,0x00000000e0000000,0x00000000e8000000)
  from space 10240K, 99% used [0x00000000e8000000,0x00000000e89fff50,0x00000000e8a00000)
  to   space 11776K, 0% used [0x00000000ea600000,0x00000000ea600000,0x00000000eb180000)
 ParOldGen       total 60416K, used 8317K [0x00000000a0000000, 0x00000000a3b00000, 0x00000000e0000000)
  object space 60416K, 13% used [0x00000000a0000000,0x00000000a081f688,0x00000000a3b00000)
 Metaspace       used 31932K, capacity 32452K, committed 32768K, reserved 1077248K
  class space    used 4372K, capacity 4559K, committed 4608K, reserved 1048576K
}
Event: 3.469 GC heap before
{Heap before GC invocations=9 (full 1):
 PSYoungGen      total 141312K, used 24072K [0x00000000e0000000, 0x00000000eb180000, 0x0000000100000000)
  eden space 131072K, 10% used [0x00000000e0000000,0x00000000e0d82448,0x00000000e8000000)
  from space 10240K, 99% used [0x00000000e8000000,0x00000000e89fff50,0x00000000e8a00000)
  to   space 11776K, 0% used [0x00000000ea600000,0x00000000ea600000,0x00000000eb180000)
 ParOldGen       total 60416K, used 8317K [0x00000000a0000000, 0x00000000a3b00000, 0x00000000e0000000)
  object space 60416K, 13% used [0x00000000a0000000,0x00000000a081f688,0x00000000a3b00000)
 Metaspace       used 34676K, capacity 35325K, committed 35416K, reserved 1079296K
  class space    used 4738K, capacity 4992K, committed 4992K, reserved 1048576K
Event: 3.481 GC heap after
Heap after GC invocations=9 (full 1):
 PSYoungGen      total 142848K, used 8907K [0x00000000e0000000, 0x00000000eb180000, 0x0000000100000000)
  eden space 131072K, 0% used [0x00000000e0000000,0x00000000e0000000,0x00000000e8000000)
  from space 11776K, 75% used [0x00000000ea600000,0x00000000eaeb2d68,0x00000000eb180000)
  to   space 10240K, 0% used [0x00000000e8000000,0x00000000e8000000,0x00000000e8a00000)
 ParOldGen       total 60416K, used 8325K [0x00000000a0000000, 0x00000000a3b00000, 0x00000000e0000000)
  object space 60416K, 13% used [0x00000000a0000000,0x00000000a0821688,0x00000000a3b00000)
 Metaspace       used 34676K, capacity 35325K, committed 35416K, reserved 1079296K
  class space    used 4738K, capacity 4992K, committed 4992K, reserved 1048576K
}
Event: 3.481 GC heap before
{Heap before GC invocations=10 (full 2):
 PSYoungGen      total 142848K, used 8907K [0x00000000e0000000, 0x00000000eb180000, 0x0000000100000000)
  eden space 131072K, 0% used [0x00000000e0000000,0x00000000e0000000,0x00000000e8000000)
  from space 11776K, 75% used [0x00000000ea600000,0x00000000eaeb2d68,0x00000000eb180000)
  to   space 10240K, 0% used [0x00000000e8000000,0x00000000e8000000,0x00000000e8a00000)
 ParOldGen       total 60416K, used 8325K [0x00000000a0000000, 0x00000000a3b00000, 0x00000000e0000000)
  object space 60416K, 13% used [0x00000000a0000000,0x00000000a0821688,0x00000000a3b00000)
 Metaspace       used 34676K, capacity 35325K, committed 35416K, reserved 1079296K
  class space    used 4738K, capacity 4992K, committed 4992K, reserved 1048576K
Event: 3.578 GC heap after
Heap after GC invocations=10 (full 2):
 PSYoungGen      total 142848K, used 0K [0x00000000e0000000, 0x00000000eb180000, 0x0000000100000000)
  eden space 131072K, 0% used [0x00000000e0000000,0x00000000e0000000,0x00000000e8000000)
  from space 11776K, 0% used [0x00000000ea600000,0x00000000ea600000,0x00000000eb180000)
  to   space 10240K, 0% used [0x00000000e8000000,0x00000000e8000000,0x00000000e8a00000)
 ParOldGen       total 60416K, used 15337K [0x00000000a0000000, 0x00000000a3b00000, 0x00000000e0000000)
  object space 60416K, 25% used [0x00000000a0000000,0x00000000a0efa5d0,0x00000000a3b00000)
 Metaspace       used 34676K, capacity 35325K, committed 35416K, reserved 1079296K
  class space    used 4738K, capacity 4992K, committed 4992K, reserved 1048576K
}
Event: 4.573 GC heap before
{Heap before GC invocations=11 (full 2):
 PSYoungGen      total 142848K, used 131072K [0x00000000e0000000, 0x00000000eb180000, 0x0000000100000000)
  eden space 131072K, 100% used [0x00000000e0000000,0x00000000e8000000,0x00000000e8000000)
  from space 11776K, 0% used [0x00000000ea600000,0x00000000ea600000,0x00000000eb180000)
  to   space 10240K, 0% used [0x00000000e8000000,0x00000000e8000000,0x00000000e8a00000)
 ParOldGen       total 60416K, used 15337K [0x00000000a0000000, 0x00000000a3b00000, 0x00000000e0000000)
  object space 60416K, 25% used [0x00000000a0000000,0x00000000a0efa5d0,0x00000000a3b00000)
 Metaspace       used 44222K, capacity 45197K, committed 45528K, reserved 1089536K
  class space    used 5980K, capacity 6304K, committed 6400K, reserved 1048576K
Event: 4.584 GC heap after
Heap after GC invocations=11 (full 2):
 PSYoungGen      total 141312K, used 10239K [0x00000000e0000000, 0x00000000ebc00000, 0x0000000100000000)
  eden space 131072K, 0% used [0x00000000e0000000,0x00000000e0000000,0x00000000e8000000)
  from space 10240K, 99% used [0x00000000e8000000,0x00000000e89fff58,0x00000000e8a00000)
  to   space 14336K, 0% used [0x00000000eae00000,0x00000000eae00000,0x00000000ebc00000)
 ParOldGen       total 60416K, used 19973K [0x00000000a0000000, 0x00000000a3b00000, 0x00000000e0000000)
  object space 60416K, 33% used [0x00000000a0000000,0x00000000a1381720,0x00000000a3b00000)
 Metaspace       used 44222K, capacity 45197K, committed 45528K, reserved 1089536K
  class space    used 5980K, capacity 6304K, committed 6400K, reserved 1048576K
}
Event: 5.840 GC heap before
{Heap before GC invocations=12 (full 2):
 PSYoungGen      total 141312K, used 141311K [0x00000000e0000000, 0x00000000ebc00000, 0x0000000100000000)
  eden space 131072K, 100% used [0x00000000e0000000,0x00000000e8000000,0x00000000e8000000)
  from space 10240K, 99% used [0x00000000e8000000,0x00000000e89fff58,0x00000000e8a00000)
  to   space 14336K, 0% used [0x00000000eae00000,0x00000000eae00000,0x00000000ebc00000)
 ParOldGen       total 60416K, used 19973K [0x00000000a0000000, 0x00000000a3b00000, 0x00000000e0000000)
  object space 60416K, 33% used [0x00000000a0000000,0x00000000a1381720,0x00000000a3b00000)
 Metaspace       used 53909K, capacity 55541K, committed 55640K, reserved 1097728K
  class space    used 7347K, capacity 7756K, committed 7808K, reserved 1048576K
Event: 5.854 GC heap after
Heap after GC invocations=12 (full 2):
 PSYoungGen      total 174080K, used 14333K [0x00000000e0000000, 0x00000000ec100000, 0x0000000100000000)
  eden space 159744K, 0% used [0x00000000e0000000,0x00000000e0000000,0x00000000e9c00000)
  from space 14336K, 99% used [0x00000000eae00000,0x00000000ebbff4e0,0x00000000ebc00000)
  to   space 18432K, 0% used [0x00000000e9c00000,0x00000000e9c00000,0x00000000eae00000)
 ParOldGen       total 60416K, used 26222K [0x00000000a0000000, 0x00000000a3b00000, 0x00000000e0000000)
  object space 60416K, 43% used [0x00000000a0000000,0x00000000a199b8e0,0x00000000a3b00000)
 Metaspace       used 53909K, capacity 55541K, committed 55640K, reserved 1097728K
  class space    used 7347K, capacity 7756K, committed 7808K, reserved 1048576K
}

Deoptimization events (10 events):
Event: 5.939 Thread 0x000000001f2a4800 Uncommon trap: reason=class_check action=maybe_recompile pc=0x000000000313cc44 method=java.io.ObjectOutputStream$BlockDataOutputStream.drain()V @ 36
Event: 5.939 Thread 0x000000001f2a4800 Uncommon trap: reason=class_check action=maybe_recompile pc=0x000000000313cc44 method=java.io.ObjectOutputStream$BlockDataOutputStream.drain()V @ 36
Event: 5.952 Thread 0x000000001f2a3800 Uncommon trap: reason=class_check action=maybe_recompile pc=0x00000000030444a0 method=java.io.BufferedInputStream.read1([BII)I @ 39
Event: 6.087 Thread 0x000000001f2a3800 Uncommon trap: reason=bimorphic action=maybe_recompile pc=0x0000000003643d34 method=java.io.BufferedInputStream.read1([BII)I @ 39
Event: 6.124 Thread 0x0000000018c98000 Uncommon trap: reason=unstable_if action=reinterpret pc=0x00000000033ddad0 method=java.util.concurrent.ConcurrentHashMap.get(Ljava/lang/Object;)Ljava/lang/Object; @ 86
Event: 6.133 Thread 0x0000000018c98000 Uncommon trap: reason=unstable_if action=reinterpret pc=0x00000000028c47d8 method=org.gradle.internal.hash.HashCode.equals(Ljava/lang/Object;)Z @ 67
Event: 6.142 Thread 0x0000000018c98000 Uncommon trap: reason=unstable_if action=reinterpret pc=0x0000000002b5cf98 method=org.gradle.api.internal.file.pattern.PatternMatcherFactory$PathMatcherBackedSpec.isSatisfiedBy(Lorg/gradle/api/file/RelativePath;)Z @ 11
Event: 6.142 Thread 0x0000000018c98000 Uncommon trap: reason=unstable_if action=reinterpret pc=0x000000000313b490 method=org.gradle.api.internal.file.pattern.PatternMatcherFactory$PathMatcherBackedSpec.isSatisfiedBy(Lorg/gradle/api/file/RelativePath;)Z @ 11
Event: 6.142 Thread 0x0000000018c98000 Uncommon trap: reason=unstable_if action=reinterpret pc=0x00000000025dcf64 method=org.gradle.api.internal.file.pattern.FixedStepPathMatcher.matches([Ljava/lang/String;I)Z @ 35
Event: 6.144 Thread 0x000000001f2a3800 Uncommon trap: reason=bimorphic action=maybe_recompile pc=0x0000000003643d34 method=java.io.BufferedInputStream.read1([BII)I @ 39

Classes redefined (0 events):
No events

Internal exceptions (10 events):
Event: 5.517 Thread 0x0000000018c98000 Exception <a 'java/lang/ClassNotFoundException': org/gradle/model/internal/core/NodeBackedModelMapCustomizer> (0x00000000e612ebc0) thrown at [D:\src\AOSP-openjdk-cygwin\jdk8u\hotspot\src\share\vm\classfile\systemDictionary.cpp, line 210]
Event: 5.518 Thread 0x0000000018c98000 Exception <a 'java/lang/ClassNotFoundException': org/gradle/platform/base/BinaryContainer_ImplCustomizer> (0x00000000e6191e58) thrown at [D:\src\AOSP-openjdk-cygwin\jdk8u\hotspot\src\share\vm\classfile\systemDictionary.cpp, line 210]
Event: 5.629 Thread 0x000000001f2a4800 Exception <a 'java/lang/NoSuchMethodError': <clinit>> (0x00000000e6bbbdf0) thrown at [D:\src\AOSP-openjdk-cygwin\jdk8u\hotspot\src\share\vm\prims\jni.cpp, line 1613]
Event: 5.629 Thread 0x000000001f2a4800 Exception <a 'java/lang/NoSuchMethodError': <clinit>> (0x00000000e6bc7070) thrown at [D:\src\AOSP-openjdk-cygwin\jdk8u\hotspot\src\share\vm\prims\jni.cpp, line 1613]
Event: 5.640 Thread 0x000000001f2a4800 Implicit null exception at 0x0000000002f873f7 to 0x0000000002f87bc1
Event: 5.651 Thread 0x000000001f2a4800 Exception <a 'java/lang/NoSuchMethodError': <clinit>> (0x00000000e6e1de50) thrown at [D:\src\AOSP-openjdk-cygwin\jdk8u\hotspot\src\share\vm\prims\jni.cpp, line 1613]
Event: 5.652 Thread 0x000000001f2a4800 Exception <a 'java/lang/NoSuchMethodError': <clinit>> (0x00000000e6e30c58) thrown at [D:\src\AOSP-openjdk-cygwin\jdk8u\hotspot\src\share\vm\prims\jni.cpp, line 1613]
Event: 5.652 Thread 0x000000001f2a4800 Exception <a 'java/lang/NoSuchMethodError': <clinit>> (0x00000000e6e32508) thrown at [D:\src\AOSP-openjdk-cygwin\jdk8u\hotspot\src\share\vm\prims\jni.cpp, line 1613]
Event: 5.939 Thread 0x000000001f2a4800 Exception <a 'java/lang/NoSuchMethodError': <clinit>> (0x00000000e08b7110) thrown at [D:\src\AOSP-openjdk-cygwin\jdk8u\hotspot\src\share\vm\prims\jni.cpp, line 1613]
Event: 5.939 Thread 0x000000001f2a4800 Exception <a 'java/lang/NoSuchMethodError': <clinit>> (0x00000000e08c0b38) thrown at [D:\src\AOSP-openjdk-cygwin\jdk8u\hotspot\src\share\vm\prims\jni.cpp, line 1613]

Events (10 events):
Event: 6.142 Thread 0x0000000018c98000 DEOPT PACKING pc=0x000000000313b490 sp=0x000000001a30ba40
Event: 6.142 Thread 0x0000000018c98000 DEOPT UNPACKING pc=0x000000000246556a sp=0x000000001a30ba08 mode 2
Event: 6.142 Thread 0x0000000018c98000 Uncommon trap: trap_request=0xffffff65 fr.pc=0x00000000025dcf64
Event: 6.142 Thread 0x0000000018c98000 DEOPT PACKING pc=0x00000000025dcf64 sp=0x000000001a30b8a0
Event: 6.142 Thread 0x0000000018c98000 DEOPT UNPACKING pc=0x000000000246556a sp=0x000000001a30b838 mode 2
Event: 6.143 loading class org/gradle/jvm/platform/internal/DefaultJavaPlatform
Event: 6.143 loading class org/gradle/jvm/platform/internal/DefaultJavaPlatform done
Event: 6.144 Thread 0x000000001f2a3800 Uncommon trap: trap_request=0xffffffc6 fr.pc=0x0000000003643d34
Event: 6.144 Thread 0x000000001f2a3800 DEOPT PACKING pc=0x0000000003643d34 sp=0x000000002276df70
Event: 6.144 Thread 0x000000001f2a3800 DEOPT UNPACKING pc=0x000000000246556a sp=0x000000002276deb8 mode 2


Dynamic libraries:
0x00007ff65bee0000 - 0x00007ff65bf11000 	C:\Program Files\Android\Android Studio\jre\bin\java.exe
0x00007ffb691b0000 - 0x00007ffb69371000 	C:\Windows\SYSTEM32\ntdll.dll
0x00007ffb67f50000 - 0x00007ffb67ffd000 	C:\Windows\system32\KERNEL32.DLL
0x00007ffb658d0000 - 0x00007ffb65ab8000 	C:\Windows\system32\KERNELBASE.dll
0x00007ffb68d60000 - 0x00007ffb68e07000 	C:\Windows\system32\ADVAPI32.dll
0x00007ffb68ee0000 - 0x00007ffb68f7d000 	C:\Windows\system32\msvcrt.dll
0x00007ffb67e90000 - 0x00007ffb67eeb000 	C:\Windows\system32\sechost.dll
0x00007ffb69090000 - 0x00007ffb691ac000 	C:\Windows\system32\RPCRT4.dll
0x00007ffb686d0000 - 0x00007ffb68826000 	C:\Windows\system32\USER32.dll
0x00007ffb689f0000 - 0x00007ffb68b76000 	C:\Windows\system32\GDI32.dll
0x00007ffb5cde0000 - 0x00007ffb5d054000 	C:\Windows\WinSxS\amd64_microsoft.windows.common-controls_6595b64144ccf1df_6.0.10586.0_none_8c15ae12515e1c22\COMCTL32.dll
0x00007ffb68430000 - 0x00007ffb686ad000 	C:\Windows\system32\combase.dll
0x00007ffb65860000 - 0x00007ffb658ca000 	C:\Windows\system32\bcryptPrimitives.dll
0x00007ffb665d0000 - 0x00007ffb6660b000 	C:\Windows\system32\IMM32.DLL
0x0000000077e80000 - 0x0000000077f52000 	C:\Program Files\Android\Android Studio\jre\jre\bin\msvcr100.dll
0x0000000077040000 - 0x000000007787e000 	C:\Program Files\Android\Android Studio\jre\jre\bin\server\jvm.dll
0x00007ffb665c0000 - 0x00007ffb665c8000 	C:\Windows\system32\PSAPI.DLL
0x00007ffb5bce0000 - 0x00007ffb5bce9000 	C:\Windows\SYSTEM32\WSOCK32.dll
0x00007ffb63f00000 - 0x00007ffb63f23000 	C:\Windows\SYSTEM32\WINMM.dll
0x00007ffb61b80000 - 0x00007ffb61b8a000 	C:\Windows\SYSTEM32\VERSION.dll
0x00007ffb68830000 - 0x00007ffb6889b000 	C:\Windows\system32\WS2_32.dll
0x00007ffb63e70000 - 0x00007ffb63e9c000 	C:\Windows\SYSTEM32\WINMMBASE.dll
0x00007ffb65b90000 - 0x00007ffb65bd3000 	C:\Windows\system32\cfgmgr32.dll
0x00007ffb60cc0000 - 0x00007ffb60ccf000 	C:\Program Files\Android\Android Studio\jre\jre\bin\verify.dll
0x00007ffb5acc0000 - 0x00007ffb5ace9000 	C:\Program Files\Android\Android Studio\jre\jre\bin\java.dll
0x00007ffb59320000 - 0x00007ffb59336000 	C:\Program Files\Android\Android Studio\jre\jre\bin\zip.dll
0x00007ffb66610000 - 0x00007ffb67b6f000 	C:\Windows\system32\SHELL32.dll
0x00007ffb65be0000 - 0x00007ffb66224000 	C:\Windows\system32\windows.storage.dll
0x00007ffb69030000 - 0x00007ffb69082000 	C:\Windows\system32\shlwapi.dll
0x00007ffb65840000 - 0x00007ffb6584f000 	C:\Windows\system32\kernel.appcore.dll
0x00007ffb66400000 - 0x00007ffb664b5000 	C:\Windows\system32\shcore.dll
0x00007ffb657d0000 - 0x00007ffb6581b000 	C:\Windows\system32\powrprof.dll
0x00007ffb65820000 - 0x00007ffb65834000 	C:\Windows\system32\profapi.dll
0x00007ffb57c40000 - 0x00007ffb57c5a000 	C:\Program Files\Android\Android Studio\jre\jre\bin\net.dll
0x00007ffb65100000 - 0x00007ffb6515c000 	C:\Windows\system32\mswsock.dll
0x00007ffb57940000 - 0x00007ffb57951000 	C:\Program Files\Android\Android Studio\jre\jre\bin\nio.dll
0x00007ffb559f0000 - 0x00007ffb55a0e000 	C:\Users\Szymek\.gradle\native\25\windows-amd64\native-platform.dll
0x00007ffb60c60000 - 0x00007ffb60c6d000 	C:\Program Files\Android\Android Studio\jre\jre\bin\management.dll
0x00007ffb651b0000 - 0x00007ffb651c7000 	C:\Windows\SYSTEM32\CRYPTSP.dll
0x00007ffb64e40000 - 0x00007ffb64e74000 	C:\Windows\system32\rsaenh.dll
0x00007ffb653d0000 - 0x00007ffb653f9000 	C:\Windows\SYSTEM32\bcrypt.dll
0x00007ffb64f90000 - 0x00007ffb64faf000 	C:\Windows\SYSTEM32\USERENV.dll
0x00007ffb652d0000 - 0x00007ffb652db000 	C:\Windows\SYSTEM32\CRYPTBASE.dll
0x00007ffb62470000 - 0x00007ffb624a8000 	C:\Windows\SYSTEM32\IPHLPAPI.DLL
0x00007ffb67e80000 - 0x00007ffb67e88000 	C:\Windows\system32\NSI.dll
0x00007ffb5f7d0000 - 0x00007ffb5f7e6000 	C:\Windows\SYSTEM32\dhcpcsvc6.DLL
0x00007ffb5f7b0000 - 0x00007ffb5f7ca000 	C:\Windows\SYSTEM32\dhcpcsvc.DLL

VM Arguments:
jvm_args: -Xmx1536m -Dfile.encoding=windows-1250 -Duser.country=PL -Duser.language=pl -Duser.variant 
java_command: org.gradle.launcher.daemon.bootstrap.GradleDaemon 4.4
java_class_path (initial): C:\Users\Szymek\.gradle\wrapper\dists\gradle-4.4-all\9br9xq1tocpiv8o6njlyu5op1\gradle-4.4\lib\gradle-launcher-4.4.jar
Launcher Type: SUN_STANDARD

Environment Variables:
PATH=C:\ProgramData\Oracle\Java\javapath;C:\Windows\system32;C:\Windows;C:\Windows\System32\Wbem;C:\Windows\System32\WindowsPowerShell\v1.0\;C:\Users\Szymek\.dnx\bin;C:\Program Files\Microsoft DNX\Dnvm\;C:\Program Files\Microsoft SQL Server\130\Tools\Binn\;C:\Program Files (x86)\Windows Kits\8.1\Windows Performance Toolkit\;C:\Program Files (x86)\Skype\Phone\;C:\Program Files\nodejs\;C:\Program Files\MATLAB\R2012b\runtime\win64;C:\Program Files\MATLAB\R2012b\bin;C:\Program Files (x86)\Common Files\Apple\Apple Application Support;C:\Program Files (x86)\NVIDIA Corporation\PhysX\Common;C:\Program Files (x86)\OpenVPN\bin;C:\Program Files (x86)\Common Files\Symbian\tools;C:\Users\Szymek\AppData\Roaming\npm;C:\Users\Szymek\AppData\Local\GitHubDesktop\bin
USERNAME=Szymek
OS=Windows_NT
PROCESSOR_IDENTIFIER=Intel64 Family 6 Model 94 Stepping 3, GenuineIntel



---------------  S Y S T E M  ---------------

OS: Windows 10.0 , 64 bit Build 10586 (10.0.10586.0)

CPU:total 4 (initial active 4) (4 cores per cpu, 1 threads per core) family 6 model 94 stepping 3, cmov, cx8, fxsr, mmx, sse, sse2, sse3, ssse3, sse4.1, sse4.2, popcnt, avx, avx2, aes, clmul, erms, 3dnowpref, lzcnt, tsc, tscinvbit, bmi1, bmi2, adx

Memory: 4k page, physical 8334224k(1384144k free), swap 9991352k(3488k free)

vm_info: OpenJDK 64-Bit Server VM (25.152-b01) for windows-amd64 JRE (1.8.0_152-release-915-b01), built by "builder" with MS VC++ 10.0 (VS2010)

time: Sun May 06 15:13:52 2018
elapsed time: 6 seconds (0d 0h 0m 6s)

