#
# There is insufficient memory for the Java Runtime Environment to continue.
# Native memory allocation (malloc) failed to allocate 1342256 bytes for Chunk::new
# Possible reasons:
#   The system is out of physical RAM or swap space
#   In 32 bit mode, the process size limit was hit
# Possible solutions:
#   Reduce memory load on the system
#   Increase physical memory or swap space
#   Check if swap backing store is full
#   Use 64 bit Java on a 64 bit OS
#   Decrease Java heap size (-Xmx/-Xms)
#   Decrease number of Java threads
#   Decrease Java thread stack sizes (-Xss)
#   Set larger code cache with -XX:ReservedCodeCacheSize=
# This output file may be truncated or incomplete.
#
#  Out of Memory Error (allocation.cpp:390), pid=6916, tid=0x0000000000001b94
#
# JRE version: OpenJDK Runtime Environment (8.0_152-b01) (build 1.8.0_152-release-915-b01)
# Java VM: OpenJDK 64-Bit Server VM (25.152-b01 mixed mode windows-amd64 compressed oops)
# Failed to write core dump. Minidumps are not enabled by default on client versions of Windows
#

---------------  T H R E A D  ---------------

Current thread (0x0000000015dab000):  JavaThread "C2 CompilerThread0" daemon [_thread_in_native, id=7060, stack(0x0000000017400000,0x0000000017500000)]

Stack: [0x0000000017400000,0x0000000017500000]
[error occurred during error reporting (printing stack bounds), id 0xc0000005]

Native frames: (J=compiled Java code, j=interpreted, Vv=VM code, C=native code)


Current CompileTask:
C2:   8983 6932   !   4       com.sun.tools.javac.parser.JavaTokenizer::readToken (2243 bytes)


---------------  P R O C E S S  ---------------

Java Threads: ( => current thread )
  0x000000001b15a800 JavaThread "Cache worker for Java compile cache (C:\Users\Szymek\Documents\GitHub\Calendar-32b\.gradle\4.4\javaCompile)" [_thread_blocked, id=7904, stack(0x0000000022c70000,0x0000000022d70000)]
  0x000000001b162000 JavaThread "Task worker for ':' Thread 3" [_thread_blocked, id=5888, stack(0x0000000022b70000,0x0000000022c70000)]
  0x000000001b161000 JavaThread "Task worker for ':' Thread 2" [_thread_in_Java, id=5704, stack(0x0000000022a70000,0x0000000022b70000)]
  0x000000001b15e000 JavaThread "Task worker for ':'" [_thread_blocked, id=5136, stack(0x0000000022970000,0x0000000022a70000)]
  0x000000001b15f800 JavaThread "Cache worker for Build Output Cleanup Cache (C:\Users\Szymek\Documents\GitHub\Calendar-32b\.gradle\buildOutputCleanup)" [_thread_blocked, id=6440, stack(0x0000000022870000,0x0000000022970000)]
  0x000000001b15d800 JavaThread "Cache worker for task history cache (C:\Users\Szymek\Documents\GitHub\Calendar-32b\.gradle\4.4\taskHistory)" [_thread_blocked, id=1996, stack(0x0000000022770000,0x0000000022870000)]
  0x000000001b160800 JavaThread "Cache worker for file content cache (C:\Users\Szymek\Documents\GitHub\Calendar-32b\.gradle\4.4\fileContent)" [_thread_blocked, id=1124, stack(0x00000000212a0000,0x00000000213a0000)]
  0x000000001b158000 JavaThread "Memory manager" [_thread_blocked, id=2568, stack(0x0000000020710000,0x0000000020810000)]
  0x000000001b156800 JavaThread "pool-1-thread-1" [_thread_blocked, id=4756, stack(0x0000000020410000,0x0000000020510000)]
  0x000000001b157800 JavaThread "build operations Thread 4" [_thread_blocked, id=7544, stack(0x000000001ff10000,0x0000000020010000)]
  0x000000001b156000 JavaThread "build operations Thread 3" [_thread_blocked, id=7304, stack(0x000000001fe10000,0x000000001ff10000)]
  0x000000001b159800 JavaThread "build operations Thread 2" [_thread_blocked, id=5796, stack(0x000000001fd10000,0x000000001fe10000)]
  0x000000001b154800 JavaThread "build operations" [_thread_blocked, id=3572, stack(0x000000001fc10000,0x000000001fd10000)]
  0x000000001b155000 JavaThread "Cache worker for Artifact transforms cache (C:\Users\Szymek\.gradle\caches\transforms-1)" [_thread_blocked, id=3568, stack(0x000000001f710000,0x000000001f810000)]
  0x00000000193b3000 JavaThread "Cache worker for file hash cache (C:\Users\Szymek\Documents\GitHub\Calendar-32b\.gradle\4.4\fileHashes)" [_thread_blocked, id=456, stack(0x000000001b8e0000,0x000000001b9e0000)]
  0x0000000018e9b000 JavaThread "File lock request listener" [_thread_in_native, id=5632, stack(0x000000001a810000,0x000000001a910000)]
  0x0000000018e9a800 JavaThread "Cache worker for file hash cache (C:\Users\Szymek\.gradle\caches\4.4\fileHashes)" [_thread_blocked, id=5436, stack(0x000000001a710000,0x000000001a810000)]
  0x0000000018d7c800 JavaThread "Stdin handler" [_thread_blocked, id=2588, stack(0x000000001a410000,0x000000001a510000)]
  0x0000000018d7e000 JavaThread "Asynchronous log dispatcher for DefaultDaemonConnection: socket connection from /127.0.0.1:53929 to /127.0.0.1:53934" [_thread_blocked, id=7880, stack(0x000000001a310000,0x000000001a410000)]
  0x0000000018d7f000 JavaThread "Daemon worker" [_thread_blocked, id=3620, stack(0x000000001a210000,0x000000001a310000)]
  0x0000000018d73800 JavaThread "Cancel handler" [_thread_blocked, id=5912, stack(0x000000001a110000,0x000000001a210000)]
  0x0000000018b70800 JavaThread "Handler for socket connection from /127.0.0.1:53929 to /127.0.0.1:53934" [_thread_in_native, id=7280, stack(0x0000000019e10000,0x0000000019f10000)]
  0x0000000018b70000 JavaThread "Daemon" [_thread_blocked, id=6480, stack(0x0000000019d10000,0x0000000019e10000)]
  0x0000000018b48800 JavaThread "Daemon periodic checks" [_thread_blocked, id=6920, stack(0x0000000019c10000,0x0000000019d10000)]
  0x0000000018b3f800 JavaThread "Incoming local TCP Connector on port 53929" [_thread_in_native, id=6968, stack(0x0000000019a10000,0x0000000019b10000)]
  0x0000000017728800 JavaThread "Service Thread" daemon [_thread_blocked, id=3748, stack(0x0000000017b00000,0x0000000017c00000)]
  0x0000000015da1800 JavaThread "C1 CompilerThread2" daemon [_thread_blocked, id=4792, stack(0x0000000017600000,0x0000000017700000)]
  0x0000000015d9b000 JavaThread "C2 CompilerThread1" daemon [_thread_in_native, id=7836, stack(0x0000000017500000,0x0000000017600000)]
=>0x0000000015dab000 JavaThread "C2 CompilerThread0" daemon [_thread_in_native, id=7060, stack(0x0000000017400000,0x0000000017500000)]
  0x0000000015daa000 JavaThread "Attach Listener" daemon [_thread_blocked, id=2676, stack(0x0000000017300000,0x0000000017400000)]
  0x0000000015da8800 JavaThread "Signal Dispatcher" daemon [_thread_blocked, id=6812, stack(0x0000000017200000,0x0000000017300000)]
  0x0000000015d8e000 JavaThread "Finalizer" daemon [_thread_blocked, id=2100, stack(0x0000000017000000,0x0000000017100000)]
  0x0000000002422800 JavaThread "Reference Handler" daemon [_thread_blocked, id=6532, stack(0x0000000016f00000,0x0000000017000000)]
  0x0000000000a5e800 JavaThread "main" [_thread_blocked, id=5228, stack(0x0000000002230000,0x0000000002330000)]

Other Threads:
  0x0000000015d66800 VMThread [stack: 0x0000000016e00000,0x0000000016f00000] [id=7940]
  0x0000000015db9800 WatcherThread [stack: 0x0000000017c00000,0x0000000017d00000] [id=7276]

VM state:not at safepoint (normal execution)

VM Mutex/Monitor currently owned by a thread: None

Heap:
 PSYoungGen      total 214528K, used 14073K [0x00000000e0000000, 0x00000000f3b80000, 0x0000000100000000)
  eden space 193536K, 7% used [0x00000000e0000000,0x00000000e0dbe540,0x00000000ebd00000)
  from space 20992K, 0% used [0x00000000ebd00000,0x00000000ebd00000,0x00000000ed180000)
  to   space 21504K, 0% used [0x00000000f2680000,0x00000000f2680000,0x00000000f3b80000)
 ParOldGen       total 132096K, used 33905K [0x00000000a0000000, 0x00000000a8100000, 0x00000000e0000000)
  object space 132096K, 25% used [0x00000000a0000000,0x00000000a211c438,0x00000000a8100000)
 Metaspace       used 58298K, capacity 60048K, committed 60120K, reserved 1101824K
  class space    used 7921K, capacity 8381K, committed 8448K, reserved 1048576K

Card table byte_map: [0x00000000117f0000,0x0000000011b00000] byte_map_base: 0x00000000112f0000

Marking Bits: (ParMarkBitMap*) 0x0000000077803950
 Begin Bits: [0x0000000012100000, 0x0000000013900000)
 End Bits:   [0x0000000013900000, 0x0000000015100000)

Polling page: 0x00000000001f0000

CodeCache: size=245760Kb used=20687Kb max_used=20702Kb free=225073Kb
 bounds [0x0000000002430000, 0x0000000003880000, 0x0000000011430000]
 total_blobs=6965 nmethods=6181 adapters=696
 compilation: enabled

Compilation events (10 events):
Event: 8.974 Thread 0x0000000015da1800 7013 % !   3       com.sun.tools.javac.parser.JavaTokenizer$BasicComment::scanDocComment @ 387 (527 bytes)
Event: 8.975 Thread 0x0000000015da1800 nmethod 7013% 0x0000000003228690 code [0x00000000032289a0, 0x0000000003229e98]
Event: 8.975 Thread 0x0000000015da1800 7014   !   3       com.sun.tools.javac.parser.JavaTokenizer$BasicComment::scanDocComment (527 bytes)
Event: 8.975 Thread 0x0000000015da1800 nmethod 7014 0x0000000003874990 code [0x0000000003874ca0, 0x0000000003875f98]
Event: 8.976 Thread 0x0000000015da1800 7015       2       com.sun.tools.javac.parser.UnicodeReader::<init> (102 bytes)
Event: 8.976 Thread 0x0000000015da1800 nmethod 7015 0x00000000032c0950 code [0x00000000032c0ae0, 0x00000000032c0fb8]
Event: 8.976 Thread 0x0000000015da1800 7016       2       com.sun.tools.javac.parser.JavaTokenizer::processComment (36 bytes)
Event: 8.977 Thread 0x0000000015da1800 nmethod 7016 0x00000000032c0250 code [0x00000000032c03c0, 0x00000000032c0798]
Event: 8.980 Thread 0x0000000015d9b000 nmethod 7005 0x00000000038795d0 code [0x0000000003879880, 0x000000000387a930]
Event: 8.981 Thread 0x0000000015d9b000 7017       4       com.sun.tools.javac.parser.JavaTokenizer::scanIdent (739 bytes)

GC Heap History (10 events):
Event: 5.360 GC heap before
{Heap before GC invocations=10 (full 2):
 PSYoungGen      total 165888K, used 8935K [0x00000000e0000000, 0x00000000ee000000, 0x0000000100000000)
  eden space 154112K, 0% used [0x00000000e0000000,0x00000000e0000000,0x00000000e9680000)
  from space 11776K, 75% used [0x00000000ea200000,0x00000000eaab9ca8,0x00000000ead80000)
  to   space 11776K, 0% used [0x00000000e9680000,0x00000000e9680000,0x00000000ea200000)
 ParOldGen       total 59904K, used 8348K [0x00000000a0000000, 0x00000000a3a80000, 0x00000000e0000000)
  object space 59904K, 13% used [0x00000000a0000000,0x00000000a08270e8,0x00000000a3a80000)
 Metaspace       used 34702K, capacity 35324K, committed 35416K, reserved 1079296K
  class space    used 4739K, capacity 4992K, committed 4992K, reserved 1048576K
Event: 5.415 GC heap after
Heap after GC invocations=10 (full 2):
 PSYoungGen      total 165888K, used 0K [0x00000000e0000000, 0x00000000ee000000, 0x0000000100000000)
  eden space 154112K, 0% used [0x00000000e0000000,0x00000000e0000000,0x00000000e9680000)
  from space 11776K, 0% used [0x00000000ea200000,0x00000000ea200000,0x00000000ead80000)
  to   space 11776K, 0% used [0x00000000e9680000,0x00000000e9680000,0x00000000ea200000)
 ParOldGen       total 90112K, used 15372K [0x00000000a0000000, 0x00000000a5800000, 0x00000000e0000000)
  object space 90112K, 17% used [0x00000000a0000000,0x00000000a0f030c0,0x00000000a5800000)
 Metaspace       used 34702K, capacity 35324K, committed 35416K, reserved 1079296K
  class space    used 4739K, capacity 4992K, committed 4992K, reserved 1048576K
}
Event: 6.755 GC heap before
{Heap before GC invocations=11 (full 2):
 PSYoungGen      total 165888K, used 154112K [0x00000000e0000000, 0x00000000ee000000, 0x0000000100000000)
  eden space 154112K, 100% used [0x00000000e0000000,0x00000000e9680000,0x00000000e9680000)
  from space 11776K, 0% used [0x00000000ea200000,0x00000000ea200000,0x00000000ead80000)
  to   space 11776K, 0% used [0x00000000e9680000,0x00000000e9680000,0x00000000ea200000)
 ParOldGen       total 90112K, used 15372K [0x00000000a0000000, 0x00000000a5800000, 0x00000000e0000000)
  object space 90112K, 17% used [0x00000000a0000000,0x00000000a0f030c0,0x00000000a5800000)
 Metaspace       used 47103K, capacity 48258K, committed 48472K, reserved 1091584K
  class space    used 6358K, capacity 6708K, committed 6784K, reserved 1048576K
Event: 6.769 GC heap after
Heap after GC invocations=11 (full 2):
 PSYoungGen      total 165888K, used 11763K [0x00000000e0000000, 0x00000000ee080000, 0x0000000100000000)
  eden space 154112K, 0% used [0x00000000e0000000,0x00000000e0000000,0x00000000e9680000)
  from space 11776K, 99% used [0x00000000e9680000,0x00000000ea1fce48,0x00000000ea200000)
  to   space 15360K, 0% used [0x00000000ed180000,0x00000000ed180000,0x00000000ee080000)
 ParOldGen       total 90112K, used 20501K [0x00000000a0000000, 0x00000000a5800000, 0x00000000e0000000)
  object space 90112K, 22% used [0x00000000a0000000,0x00000000a14057d8,0x00000000a5800000)
 Metaspace       used 47103K, capacity 48258K, committed 48472K, reserved 1091584K
  class space    used 6358K, capacity 6708K, committed 6784K, reserved 1048576K
}
Event: 8.567 GC heap before
{Heap before GC invocations=12 (full 2):
 PSYoungGen      total 165888K, used 165875K [0x00000000e0000000, 0x00000000ee080000, 0x0000000100000000)
  eden space 154112K, 100% used [0x00000000e0000000,0x00000000e9680000,0x00000000e9680000)
  from space 11776K, 99% used [0x00000000e9680000,0x00000000ea1fce48,0x00000000ea200000)
  to   space 15360K, 0% used [0x00000000ed180000,0x00000000ed180000,0x00000000ee080000)
 ParOldGen       total 90112K, used 20501K [0x00000000a0000000, 0x00000000a5800000, 0x00000000e0000000)
  object space 90112K, 22% used [0x00000000a0000000,0x00000000a14057d8,0x00000000a5800000)
 Metaspace       used 55677K, capacity 57424K, committed 57432K, reserved 1099776K
  class space    used 7599K, capacity 8061K, committed 8064K, reserved 1048576K
Event: 8.593 GC heap after
Heap after GC invocations=12 (full 2):
 PSYoungGen      total 208896K, used 15344K [0x00000000e0000000, 0x00000000eea80000, 0x0000000100000000)
  eden space 193536K, 0% used [0x00000000e0000000,0x00000000e0000000,0x00000000ebd00000)
  from space 15360K, 99% used [0x00000000ed180000,0x00000000ee07c260,0x00000000ee080000)
  to   space 20992K, 0% used [0x00000000ebd00000,0x00000000ebd00000,0x00000000ed180000)
 ParOldGen       total 90112K, used 30479K [0x00000000a0000000, 0x00000000a5800000, 0x00000000e0000000)
  object space 90112K, 33% used [0x00000000a0000000,0x00000000a1dc3c68,0x00000000a5800000)
 Metaspace       used 55677K, capacity 57424K, committed 57432K, reserved 1099776K
  class space    used 7599K, capacity 8061K, committed 8064K, reserved 1048576K
}
Event: 8.655 GC heap before
{Heap before GC invocations=13 (full 2):
 PSYoungGen      total 208896K, used 20010K [0x00000000e0000000, 0x00000000eea80000, 0x0000000100000000)
  eden space 193536K, 2% used [0x00000000e0000000,0x00000000e048e8c8,0x00000000ebd00000)
  from space 15360K, 99% used [0x00000000ed180000,0x00000000ee07c260,0x00000000ee080000)
  to   space 20992K, 0% used [0x00000000ebd00000,0x00000000ebd00000,0x00000000ed180000)
 ParOldGen       total 90112K, used 30479K [0x00000000a0000000, 0x00000000a5800000, 0x00000000e0000000)
  object space 90112K, 33% used [0x00000000a0000000,0x00000000a1dc3c68,0x00000000a5800000)
 Metaspace       used 57193K, capacity 58928K, committed 58968K, reserved 1099776K
  class space    used 7818K, capacity 8285K, committed 8320K, reserved 1048576K
Event: 8.667 GC heap after
Heap after GC invocations=13 (full 2):
 PSYoungGen      total 214528K, used 320K [0x00000000e0000000, 0x00000000f3b80000, 0x0000000100000000)
  eden space 193536K, 0% used [0x00000000e0000000,0x00000000e0000000,0x00000000ebd00000)
  from space 20992K, 1% used [0x00000000ebd00000,0x00000000ebd50000,0x00000000ed180000)
  to   space 21504K, 0% used [0x00000000f2680000,0x00000000f2680000,0x00000000f3b80000)
 ParOldGen       total 90112K, used 45754K [0x00000000a0000000, 0x00000000a5800000, 0x00000000e0000000)
  object space 90112K, 50% used [0x00000000a0000000,0x00000000a2caeb18,0x00000000a5800000)
 Metaspace       used 57193K, capacity 58928K, committed 58968K, reserved 1099776K
  class space    used 7818K, capacity 8285K, committed 8320K, reserved 1048576K
}
Event: 8.667 GC heap before
{Heap before GC invocations=14 (full 3):
 PSYoungGen      total 214528K, used 320K [0x00000000e0000000, 0x00000000f3b80000, 0x0000000100000000)
  eden space 193536K, 0% used [0x00000000e0000000,0x00000000e0000000,0x00000000ebd00000)
  from space 20992K, 1% used [0x00000000ebd00000,0x00000000ebd50000,0x00000000ed180000)
  to   space 21504K, 0% used [0x00000000f2680000,0x00000000f2680000,0x00000000f3b80000)
 ParOldGen       total 90112K, used 45754K [0x00000000a0000000, 0x00000000a5800000, 0x00000000e0000000)
  object space 90112K, 50% used [0x00000000a0000000,0x00000000a2caeb18,0x00000000a5800000)
 Metaspace       used 57193K, capacity 58928K, committed 58968K, reserved 1099776K
  class space    used 7818K, capacity 8285K, committed 8320K, reserved 1048576K
Event: 8.839 GC heap after
Heap after GC invocations=14 (full 3):
 PSYoungGen      total 214528K, used 0K [0x00000000e0000000, 0x00000000f3b80000, 0x0000000100000000)
  eden space 193536K, 0% used [0x00000000e0000000,0x00000000e0000000,0x00000000ebd00000)
  from space 20992K, 0% used [0x00000000ebd00000,0x00000000ebd00000,0x00000000ed180000)
  to   space 21504K, 0% used [0x00000000f2680000,0x00000000f2680000,0x00000000f3b80000)
 ParOldGen       total 132096K, used 33905K [0x00000000a0000000, 0x00000000a8100000, 0x00000000e0000000)
  object space 132096K, 25% used [0x00000000a0000000,0x00000000a211c438,0x00000000a8100000)
 Metaspace       used 57193K, capacity 58928K, committed 58968K, reserved 1099776K
  class space    used 7818K, capacity 8285K, committed 8320K, reserved 1048576K
}

Deoptimization events (10 events):
Event: 8.304 Thread 0x000000001b161000 Uncommon trap: reason=unstable_if action=reinterpret pc=0x0000000002847798 method=org.gradle.internal.hash.HashCode.equals(Ljava/lang/Object;)Z @ 67
Event: 8.315 Thread 0x000000001b161000 Uncommon trap: reason=unstable_if action=reinterpret pc=0x000000000373d358 method=org.gradle.api.internal.file.pattern.PatternMatcherFactory$PathMatcherBackedSpec.isSatisfiedBy(Lorg/gradle/api/file/RelativePath;)Z @ 11
Event: 8.315 Thread 0x000000001b161000 Uncommon trap: reason=unstable_if action=reinterpret pc=0x0000000003739b90 method=org.gradle.api.internal.file.pattern.PatternMatcherFactory$PathMatcherBackedSpec.isSatisfiedBy(Lorg/gradle/api/file/RelativePath;)Z @ 11
Event: 8.316 Thread 0x000000001b161000 Uncommon trap: reason=unstable_if action=reinterpret pc=0x0000000003731b24 method=org.gradle.api.internal.file.pattern.FixedStepPathMatcher.matches([Ljava/lang/String;I)Z @ 35
Event: 8.331 Thread 0x000000001b161000 Uncommon trap: reason=unstable_if action=reinterpret pc=0x0000000003730164 method=org.gradle.api.internal.file.pattern.FixedStepPathMatcher.matches([Ljava/lang/String;I)Z @ 35
Event: 8.331 Thread 0x000000001b161000 Uncommon trap: reason=unstable_if action=reinterpret pc=0x00000000028cee4c method=com.google.common.cache.LocalCache.processPendingNotifications()V @ 14
Event: 8.889 Thread 0x000000001b161000 Uncommon trap: reason=unstable_if action=reinterpret pc=0x0000000002d3a1f0 method=sun.nio.cs.UTF_8$Decoder.decodeArrayLoop(Ljava/nio/ByteBuffer;Ljava/nio/CharBuffer;)Ljava/nio/charset/CoderResult; @ 84
Event: 8.905 Thread 0x000000001b161000 Uncommon trap: reason=unstable_if action=reinterpret pc=0x00000000028efabc method=sun.nio.cs.UTF_8$Decoder.decodeArrayLoop(Ljava/nio/ByteBuffer;Ljava/nio/CharBuffer;)Ljava/nio/charset/CoderResult; @ 84
Event: 8.961 Thread 0x000000001b161000 Uncommon trap: reason=unstable_if action=reinterpret pc=0x00000000028b71e8 method=com.sun.tools.javac.util.Name$Table.equals([BI[BII)Z @ 22
Event: 8.971 Thread 0x000000001b161000 Uncommon trap: reason=unstable_if action=reinterpret pc=0x0000000002d56e08 method=com.sun.tools.javac.parser.UnicodeReader.scanChar()V @ 37

Classes redefined (0 events):
No events

Internal exceptions (10 events):
Event: 7.545 Thread 0x0000000018d7f000 Exception <a 'java/lang/ClassNotFoundException': org/gradle/platform/base/BinaryContainer_ImplCustomizer> (0x00000000e4a8fc28) thrown at [D:\src\AOSP-openjdk-cygwin\jdk8u\hotspot\src\share\vm\classfile\systemDictionary.cpp, line 210]
Event: 7.673 Thread 0x000000001b15e000 Exception <a 'java/lang/NoSuchMethodError': <clinit>> (0x00000000e568c428) thrown at [D:\src\AOSP-openjdk-cygwin\jdk8u\hotspot\src\share\vm\prims\jni.cpp, line 1613]
Event: 7.674 Thread 0x000000001b15e000 Exception <a 'java/lang/NoSuchMethodError': <clinit>> (0x00000000e56976a8) thrown at [D:\src\AOSP-openjdk-cygwin\jdk8u\hotspot\src\share\vm\prims\jni.cpp, line 1613]
Event: 7.689 Thread 0x000000001b15e000 Implicit null exception at 0x00000000030717f7 to 0x0000000003071fbd
Event: 7.690 Thread 0x000000001b15e000 Implicit null exception at 0x0000000002fa58ec to 0x0000000002fa7e69
Event: 7.705 Thread 0x000000001b15e000 Exception <a 'java/lang/NoSuchMethodError': <clinit>> (0x00000000e5914210) thrown at [D:\src\AOSP-openjdk-cygwin\jdk8u\hotspot\src\share\vm\prims\jni.cpp, line 1613]
Event: 7.706 Thread 0x000000001b15e000 Exception <a 'java/lang/NoSuchMethodError': <clinit>> (0x00000000e5927018) thrown at [D:\src\AOSP-openjdk-cygwin\jdk8u\hotspot\src\share\vm\prims\jni.cpp, line 1613]
Event: 7.706 Thread 0x000000001b15e000 Exception <a 'java/lang/NoSuchMethodError': <clinit>> (0x00000000e59288c8) thrown at [D:\src\AOSP-openjdk-cygwin\jdk8u\hotspot\src\share\vm\prims\jni.cpp, line 1613]
Event: 8.035 Thread 0x000000001b15e000 Exception <a 'java/lang/NoSuchMethodError': <clinit>> (0x00000000e70c5c18) thrown at [D:\src\AOSP-openjdk-cygwin\jdk8u\hotspot\src\share\vm\prims\jni.cpp, line 1613]
Event: 8.035 Thread 0x000000001b15e000 Exception <a 'java/lang/NoSuchMethodError': <clinit>> (0x00000000e70cf660) thrown at [D:\src\AOSP-openjdk-cygwin\jdk8u\hotspot\src\share\vm\prims\jni.cpp, line 1613]

Events (10 events):
Event: 8.961 Thread 0x000000001b161000 DEOPT UNPACKING pc=0x000000000247556a sp=0x0000000022b6b470 mode 2
Event: 8.966 Thread 0x000000001b161000 DEOPT PACKING pc=0x000000000382639b sp=0x0000000022b6c360
Event: 8.966 Thread 0x000000001b161000 DEOPT UNPACKING pc=0x00000000024775bf sp=0x0000000022b6c160 mode 0
Event: 8.968 Thread 0x000000001b161000 DEOPT PACKING pc=0x000000000382639b sp=0x0000000022b6c360
Event: 8.968 Thread 0x000000001b161000 DEOPT UNPACKING pc=0x00000000024775bf sp=0x0000000022b6c160 mode 0
Event: 8.971 Thread 0x000000001b161000 Uncommon trap: trap_request=0xffffff65 fr.pc=0x0000000002d56e08
Event: 8.971 Thread 0x000000001b161000 DEOPT PACKING pc=0x0000000002d56e08 sp=0x0000000022b6bab0
Event: 8.971 Thread 0x000000001b161000 DEOPT UNPACKING pc=0x000000000247556a sp=0x0000000022b6ba58 mode 2
Event: 8.975 Thread 0x000000001b161000 DEOPT PACKING pc=0x000000000322b7e7 sp=0x0000000022b6be10
Event: 8.976 Thread 0x000000001b161000 DEOPT UNPACKING pc=0x00000000024775bf sp=0x0000000022b6bb58 mode 0


Dynamic libraries:
0x00007ff65bee0000 - 0x00007ff65bf11000 	C:\Program Files\Android\Android Studio\jre\bin\java.exe
0x00007ffb691b0000 - 0x00007ffb69371000 	C:\Windows\SYSTEM32\ntdll.dll
0x00007ffb67f50000 - 0x00007ffb67ffd000 	C:\Windows\system32\KERNEL32.DLL
0x00007ffb658d0000 - 0x00007ffb65ab8000 	C:\Windows\system32\KERNELBASE.dll
0x00007ffb68d60000 - 0x00007ffb68e07000 	C:\Windows\system32\ADVAPI32.dll
0x00007ffb68ee0000 - 0x00007ffb68f7d000 	C:\Windows\system32\msvcrt.dll
0x00007ffb67e90000 - 0x00007ffb67eeb000 	C:\Windows\system32\sechost.dll
0x00007ffb69090000 - 0x00007ffb691ac000 	C:\Windows\system32\RPCRT4.dll
0x00007ffb686d0000 - 0x00007ffb68826000 	C:\Windows\system32\USER32.dll
0x00007ffb689f0000 - 0x00007ffb68b76000 	C:\Windows\system32\GDI32.dll
0x00007ffb5cde0000 - 0x00007ffb5d054000 	C:\Windows\WinSxS\amd64_microsoft.windows.common-controls_6595b64144ccf1df_6.0.10586.0_none_8c15ae12515e1c22\COMCTL32.dll
0x00007ffb68430000 - 0x00007ffb686ad000 	C:\Windows\system32\combase.dll
0x00007ffb65860000 - 0x00007ffb658ca000 	C:\Windows\system32\bcryptPrimitives.dll
0x00007ffb665d0000 - 0x00007ffb6660b000 	C:\Windows\system32\IMM32.DLL
0x0000000077e80000 - 0x0000000077f52000 	C:\Program Files\Android\Android Studio\jre\jre\bin\msvcr100.dll
0x0000000077040000 - 0x000000007787e000 	C:\Program Files\Android\Android Studio\jre\jre\bin\server\jvm.dll
0x00007ffb665c0000 - 0x00007ffb665c8000 	C:\Windows\system32\PSAPI.DLL
0x00007ffb63f00000 - 0x00007ffb63f23000 	C:\Windows\SYSTEM32\WINMM.dll
0x00007ffb61b80000 - 0x00007ffb61b8a000 	C:\Windows\SYSTEM32\VERSION.dll
0x00007ffb63e70000 - 0x00007ffb63e9c000 	C:\Windows\SYSTEM32\WINMMBASE.dll
0x00007ffb5bce0000 - 0x00007ffb5bce9000 	C:\Windows\SYSTEM32\WSOCK32.dll
0x00007ffb65b90000 - 0x00007ffb65bd3000 	C:\Windows\system32\cfgmgr32.dll
0x00007ffb68830000 - 0x00007ffb6889b000 	C:\Windows\system32\WS2_32.dll
0x00007ffb60cc0000 - 0x00007ffb60ccf000 	C:\Program Files\Android\Android Studio\jre\jre\bin\verify.dll
0x00007ffb5acc0000 - 0x00007ffb5ace9000 	C:\Program Files\Android\Android Studio\jre\jre\bin\java.dll
0x00007ffb59320000 - 0x00007ffb59336000 	C:\Program Files\Android\Android Studio\jre\jre\bin\zip.dll
0x00007ffb66610000 - 0x00007ffb67b6f000 	C:\Windows\system32\SHELL32.dll
0x00007ffb65be0000 - 0x00007ffb66224000 	C:\Windows\system32\windows.storage.dll
0x00007ffb69030000 - 0x00007ffb69082000 	C:\Windows\system32\shlwapi.dll
0x00007ffb65840000 - 0x00007ffb6584f000 	C:\Windows\system32\kernel.appcore.dll
0x00007ffb66400000 - 0x00007ffb664b5000 	C:\Windows\system32\shcore.dll
0x00007ffb657d0000 - 0x00007ffb6581b000 	C:\Windows\system32\powrprof.dll
0x00007ffb65820000 - 0x00007ffb65834000 	C:\Windows\system32\profapi.dll
0x00007ffb57c40000 - 0x00007ffb57c5a000 	C:\Program Files\Android\Android Studio\jre\jre\bin\net.dll
0x00007ffb65100000 - 0x00007ffb6515c000 	C:\Windows\system32\mswsock.dll
0x00007ffb57940000 - 0x00007ffb57951000 	C:\Program Files\Android\Android Studio\jre\jre\bin\nio.dll
0x00007ffb559f0000 - 0x00007ffb55a0e000 	C:\Users\Szymek\.gradle\native\25\windows-amd64\native-platform.dll
0x00007ffb60c60000 - 0x00007ffb60c6d000 	C:\Program Files\Android\Android Studio\jre\jre\bin\management.dll
0x00007ffb651b0000 - 0x00007ffb651c7000 	C:\Windows\SYSTEM32\CRYPTSP.dll
0x00007ffb64e40000 - 0x00007ffb64e74000 	C:\Windows\system32\rsaenh.dll
0x00007ffb653d0000 - 0x00007ffb653f9000 	C:\Windows\SYSTEM32\bcrypt.dll
0x00007ffb64f90000 - 0x00007ffb64faf000 	C:\Windows\SYSTEM32\USERENV.dll
0x00007ffb652d0000 - 0x00007ffb652db000 	C:\Windows\SYSTEM32\CRYPTBASE.dll
0x00007ffb62470000 - 0x00007ffb624a8000 	C:\Windows\SYSTEM32\IPHLPAPI.DLL
0x00007ffb67e80000 - 0x00007ffb67e88000 	C:\Windows\system32\NSI.dll
0x00007ffb5f7d0000 - 0x00007ffb5f7e6000 	C:\Windows\SYSTEM32\dhcpcsvc6.DLL
0x00007ffb5f7b0000 - 0x00007ffb5f7ca000 	C:\Windows\SYSTEM32\dhcpcsvc.DLL

VM Arguments:
jvm_args: -Xmx1536m -Dfile.encoding=windows-1250 -Duser.country=PL -Duser.language=pl -Duser.variant 
java_command: org.gradle.launcher.daemon.bootstrap.GradleDaemon 4.4
java_class_path (initial): C:\Users\Szymek\.gradle\wrapper\dists\gradle-4.4-all\9br9xq1tocpiv8o6njlyu5op1\gradle-4.4\lib\gradle-launcher-4.4.jar
Launcher Type: SUN_STANDARD

Environment Variables:
PATH=C:\ProgramData\Oracle\Java\javapath;C:\Windows\system32;C:\Windows;C:\Windows\System32\Wbem;C:\Windows\System32\WindowsPowerShell\v1.0\;C:\Users\Szymek\.dnx\bin;C:\Program Files\Microsoft DNX\Dnvm\;C:\Program Files\Microsoft SQL Server\130\Tools\Binn\;C:\Program Files (x86)\Windows Kits\8.1\Windows Performance Toolkit\;C:\Program Files (x86)\Skype\Phone\;C:\Program Files\nodejs\;C:\Program Files\MATLAB\R2012b\runtime\win64;C:\Program Files\MATLAB\R2012b\bin;C:\Program Files (x86)\Common Files\Apple\Apple Application Support;C:\Program Files (x86)\NVIDIA Corporation\PhysX\Common;C:\Program Files (x86)\OpenVPN\bin;C:\Program Files (x86)\Common Files\Symbian\tools;C:\Users\Szymek\AppData\Roaming\npm;C:\Users\Szymek\AppData\Local\GitHubDesktop\bin
USERNAME=Szymek
OS=Windows_NT
PROCESSOR_IDENTIFIER=Intel64 Family 6 Model 94 Stepping 3, GenuineIntel



---------------  S Y S T E M  ---------------

OS: Windows 10.0 , 64 bit Build 10586 (10.0.10586.0)

CPU:total 4 (initial active 4) (4 cores per cpu, 1 threads per core) family 6 model 94 stepping 3, cmov, cx8, fxsr, mmx, sse, sse2, sse3, ssse3, sse4.1, sse4.2, popcnt, avx, avx2, aes, clmul, erms, 3dnowpref, lzcnt, tsc, tscinvbit, bmi1, bmi2, adx

Memory: 4k page, physical 8334224k(1514808k free), swap 9940768k(5132k free)

vm_info: OpenJDK 64-Bit Server VM (25.152-b01) for windows-amd64 JRE (1.8.0_152-release-915-b01), built by "builder" with MS VC++ 10.0 (VS2010)

time: Sun May 06 15:12:25 2018
elapsed time: 8 seconds (0d 0h 0m 8s)

